<?xml version="1.0" encoding="UTF-8"?>
<testsuite name="TestSuite" time="60.618" tests="1" errors="0" skipped="0" failures="1">
  <properties>
    <property name="java.runtime.name" value="Java(TM) SE Runtime Environment"/>
    <property name="sun.boot.library.path" value="C:\Program Files\Java\jdk1.8.0_241\jre\bin"/>
    <property name="java.vm.version" value="25.241-b07"/>
    <property name="java.vm.vendor" value="Oracle Corporation"/>
    <property name="maven.multiModuleProjectDirectory" value="D:\Workspace1\Automationpratice"/>
    <property name="java.vendor.url" value="http://java.oracle.com/"/>
    <property name="path.separator" value=";"/>
    <property name="guice.disable.misplaced.annotation.check" value="true"/>
    <property name="java.vm.name" value="Java HotSpot(TM) 64-Bit Server VM"/>
    <property name="file.encoding.pkg" value="sun.io"/>
    <property name="user.script" value=""/>
    <property name="user.country" value="IN"/>
    <property name="sun.java.launcher" value="SUN_STANDARD"/>
    <property name="sun.os.patch.level" value=""/>
    <property name="java.vm.specification.name" value="Java Virtual Machine Specification"/>
    <property name="user.dir" value="D:\Workspace1\Automationpratice"/>
    <property name="java.runtime.version" value="1.8.0_241-b07"/>
    <property name="java.awt.graphicsenv" value="sun.awt.Win32GraphicsEnvironment"/>
    <property name="java.endorsed.dirs" value="C:\Program Files\Java\jdk1.8.0_241\jre\lib\endorsed"/>
    <property name="os.arch" value="amd64"/>
    <property name="java.io.tmpdir" value="C:\Users\Pravin\AppData\Local\Temp\"/>
    <property name="line.separator" value="&#10;"/>
    <property name="java.vm.specification.vendor" value="Oracle Corporation"/>
    <property name="user.variant" value=""/>
    <property name="os.name" value="Windows 10"/>
    <property name="classworlds.conf" value="D:\Workspace1\.metadata\.plugins\org.eclipse.m2e.launching\launches\m2conf3143360917016453294.tmp"/>
    <property name="sun.jnu.encoding" value="Cp1252"/>
    <property name="java.library.path" value="C:\Program Files\Java\jdk1.8.0_241\bin;C:\windows\Sun\Java\bin;C:\windows\system32;C:\windows;C:/Program Files/Java/jre1.8.0_241/bin/server;C:/Program Files/Java/jre1.8.0_241/bin;C:/Program Files/Java/jre1.8.0_241/lib/amd64;C:\Program Files (x86)\Common Files\Oracle\Java\javapath;C:\windows\system32;C:\windows;C:\windows\System32\Wbem;C:\windows\System32\WindowsPowerShell\v1.0\;C:\windows\System32\OpenSSH\;C:\Program Files (x86)\NVIDIA Corporation\PhysX\Common;C:\Program Files\NVIDIA Corporation\NVIDIA NvDLISR;C:\Program Files\Java\jdk1.8.0_241\bin;C:\Program Files\Intel\WiFi\bin\;C:\Program Files\Common Files\Intel\WirelessCommon\;D:\Jars\apache-maven-3.6.3-bin\apache-maven-3.6.3\bin;C:\Users\Pravin\AppData\Local\Microsoft\WindowsApps;;D:\eclipse-jee-neon-3-win32-x86_64\eclipse;;."/>
    <property name="java.specification.name" value="Java Platform API Specification"/>
    <property name="java.class.version" value="52.0"/>
    <property name="sun.management.compiler" value="HotSpot 64-Bit Tiered Compilers"/>
    <property name="os.version" value="10.0"/>
    <property name="user.home" value="C:\Users\Pravin"/>
    <property name="user.timezone" value="Asia/Calcutta"/>
    <property name="java.awt.printerjob" value="sun.awt.windows.WPrinterJob"/>
    <property name="java.specification.version" value="1.8"/>
    <property name="file.encoding" value="Cp1252"/>
    <property name="user.name" value="Pravin"/>
    <property name="java.class.path" value="/D:/eclipse-jee-neon-3-win32-x86_64/eclipse/plugins/org.eclipse.m2e.maven.runtime_1.6.1.20150625-2337/jars/plexus-classworlds-2.5.2.jar"/>
    <property name="java.vm.specification.version" value="1.8"/>
    <property name="sun.arch.data.model" value="64"/>
    <property name="java.home" value="C:\Program Files\Java\jdk1.8.0_241\jre"/>
    <property name="sun.java.command" value="org.codehaus.plexus.classworlds.launcher.Launcher -B test"/>
    <property name="java.specification.vendor" value="Oracle Corporation"/>
    <property name="user.language" value="en"/>
    <property name="awt.toolkit" value="sun.awt.windows.WToolkit"/>
    <property name="java.vm.info" value="mixed mode"/>
    <property name="java.version" value="1.8.0_241"/>
    <property name="java.ext.dirs" value="C:\Program Files\Java\jdk1.8.0_241\jre\lib\ext;C:\windows\Sun\Java\lib\ext"/>
    <property name="sun.boot.class.path" value="C:\Program Files\Java\jdk1.8.0_241\jre\lib\resources.jar;C:\Program Files\Java\jdk1.8.0_241\jre\lib\rt.jar;C:\Program Files\Java\jdk1.8.0_241\jre\lib\sunrsasign.jar;C:\Program Files\Java\jdk1.8.0_241\jre\lib\jsse.jar;C:\Program Files\Java\jdk1.8.0_241\jre\lib\jce.jar;C:\Program Files\Java\jdk1.8.0_241\jre\lib\charsets.jar;C:\Program Files\Java\jdk1.8.0_241\jre\lib\jfr.jar;C:\Program Files\Java\jdk1.8.0_241\jre\classes"/>
    <property name="java.vendor" value="Oracle Corporation"/>
    <property name="maven.home" value="D:\Workspace1\Automationpratice\EMBEDDED"/>
    <property name="file.separator" value="\"/>
    <property name="java.vendor.url.bug" value="http://bugreport.sun.com/bugreport/"/>
    <property name="sun.cpu.endian" value="little"/>
    <property name="sun.io.unicode.encoding" value="UnicodeLittle"/>
    <property name="sun.desktop" value="windows"/>
    <property name="sun.cpu.isalist" value="amd64"/>
  </properties>
  <testcase name="testcase1" classname="com.TestScripts.Testcase_1" time="60.618">
    <failure message="no such element: Unable to locate element: {&quot;method&quot;:&quot;xpath&quot;,&quot;selector&quot;:&quot;//a[@title=&apos;&quot;+ProductName+&quot;&apos;]//parent::div//span[text()=&apos;Quick view&apos;]&quot;}&#10;  (Session info: chrome=80.0.3987.163)&#10;For documentation on this error, please visit: http://seleniumhq.org/exceptions/no_such_element.html&#10;Build info: version: &apos;3.6.0&apos;, revision: &apos;6fbf3ec767&apos;, time: &apos;2017-09-27T15:28:36.4Z&apos;&#10;System info: host: &apos;LAPTOP-POAGQJIB&apos;, ip: &apos;192.168.0.102&apos;, os.name: &apos;Windows 10&apos;, os.arch: &apos;amd64&apos;, os.version: &apos;10.0&apos;, java.version: &apos;1.8.0_241&apos;&#10;Driver info: org.openqa.selenium.chrome.ChromeDriver&#10;Capabilities [{networkConnectionEnabled=false, chrome={chromedriverVersion=80.0.3987.106 (f68069574609230cf9b635cd784cfb1bf81bb53a-refs/branch-heads/3987@{#882}), userDataDir=C:\Users\Pravin\AppData\Local\Temp\scoped_dir22628_1926659264}, timeouts={implicit=0, pageLoad=300000, script=30000}, pageLoadStrategy=normal, unhandledPromptBehavior=dismiss and notify, strictFileInteractability=false, platform=WINDOWS, proxy=Proxy(), goog:chromeOptions={debuggerAddress=localhost:50973}, acceptInsecureCerts=false, browserVersion=80.0.3987.163, browserName=chrome, javascriptEnabled=true, platformName=WINDOWS, setWindowRect=true}]&#10;Session ID: 68f5bf0b8ba663161e59c4735eedd250&#10;*** Element info: {Using=xpath, value=//a[@title=&apos;&quot;+ProductName+&quot;&apos;]//parent::div//span[text()=&apos;Quick view&apos;]}" type="org.openqa.selenium.NoSuchElementException">org.openqa.selenium.NoSuchElementException: no such element: Unable to locate element: {"method":"xpath","selector":"//a[@title='"+ProductName+"']//parent::div//span[text()='Quick view']"}
  (Session info: chrome=80.0.3987.163)
For documentation on this error, please visit: http://seleniumhq.org/exceptions/no_such_element.html
Build info: version: '3.6.0', revision: '6fbf3ec767', time: '2017-09-27T15:28:36.4Z'
System info: host: 'LAPTOP-POAGQJIB', ip: '192.168.0.102', os.name: 'Windows 10', os.arch: 'amd64', os.version: '10.0', java.version: '1.8.0_241'
Driver info: org.openqa.selenium.chrome.ChromeDriver
Capabilities [{networkConnectionEnabled=false, chrome={chromedriverVersion=80.0.3987.106 (f68069574609230cf9b635cd784cfb1bf81bb53a-refs/branch-heads/3987@{#882}), userDataDir=C:\Users\Pravin\AppData\Local\Temp\scoped_dir22628_1926659264}, timeouts={implicit=0, pageLoad=300000, script=30000}, pageLoadStrategy=normal, unhandledPromptBehavior=dismiss and notify, strictFileInteractability=false, platform=WINDOWS, proxy=Proxy(), goog:chromeOptions={debuggerAddress=localhost:50973}, acceptInsecureCerts=false, browserVersion=80.0.3987.163, browserName=chrome, javascriptEnabled=true, platformName=WINDOWS, setWindowRect=true}]
Session ID: 68f5bf0b8ba663161e59c4735eedd250
*** Element info: {Using=xpath, value=//a[@title='"+ProductName+"']//parent::div//span[text()='Quick view']}
	at sun.reflect.NativeConstructorAccessorImpl.newInstance0(Native Method)
	at sun.reflect.NativeConstructorAccessorImpl.newInstance(NativeConstructorAccessorImpl.java:62)
	at sun.reflect.DelegatingConstructorAccessorImpl.newInstance(DelegatingConstructorAccessorImpl.java:45)
	at java.lang.reflect.Constructor.newInstance(Constructor.java:423)
	at org.openqa.selenium.remote.http.W3CHttpResponseCodec.createException(W3CHttpResponseCodec.java:185)
	at org.openqa.selenium.remote.http.W3CHttpResponseCodec.decode(W3CHttpResponseCodec.java:120)
	at org.openqa.selenium.remote.http.W3CHttpResponseCodec.decode(W3CHttpResponseCodec.java:49)
	at org.openqa.selenium.remote.HttpCommandExecutor.execute(HttpCommandExecutor.java:164)
	at org.openqa.selenium.remote.service.DriverCommandExecutor.execute(DriverCommandExecutor.java:83)
	at org.openqa.selenium.remote.RemoteWebDriver.execute(RemoteWebDriver.java:586)
	at org.openqa.selenium.remote.RemoteWebDriver.findElement(RemoteWebDriver.java:356)
	at org.openqa.selenium.remote.RemoteWebDriver.findElementByXPath(RemoteWebDriver.java:458)
	at org.openqa.selenium.By$ByXPath.findElement(By.java:361)
	at org.openqa.selenium.remote.RemoteWebDriver.findElement(RemoteWebDriver.java:348)
	at com.Pages.HomePage.click_ProductQuickview(HomePage.java:25)
	at com.TestScripts.Testcase_1.testcase1(Testcase_1.java:40)
</failure>
    <system-out>chrome browser
Random No : 18
</system-out>
    <system-err>Starting ChromeDriver 80.0.3987.106 (f68069574609230cf9b635cd784cfb1bf81bb53a-refs/branch-heads/3987@{#882}) on port 15109
Only local connections are allowed.
Please protect ports used by ChromeDriver and related test frameworks to prevent access by malicious code.
[1586443571.363][WARNING]: Timed out connecting to Chrome, retrying...
Apr 09, 2020 8:16:13 PM org.openqa.selenium.remote.ProtocolHandshake createSession
INFO: Detected dialect: W3C
[1586443575.437][WARNING]: Timed out connecting to Chrome, retrying...
[1586443579.860][SEVERE]: Timed out receiving message from renderer: 0.100
[1586443579.967][SEVERE]: Timed out receiving message from renderer: 0.100
[1586443580.070][SEVERE]: Timed out receiving message from renderer: 0.100
[1586443580.175][SEVERE]: Timed out receiving message from renderer: 0.100
[1586443580.278][SEVERE]: Timed out receiving message from renderer: 0.100
[1586443580.382][SEVERE]: Timed out receiving message from renderer: 0.100
[1586443580.486][SEVERE]: Timed out receiving message from renderer: 0.100
[1586443580.591][SEVERE]: Timed out receiving message from renderer: 0.100
[1586443580.695][SEVERE]: Timed out receiving message from renderer: 0.100
[1586443580.803][SEVERE]: Timed out receiving message from renderer: 0.100
[1586443580.906][SEVERE]: Timed out receiving message from renderer: 0.100
[1586443581.013][SEVERE]: Timed out receiving message from renderer: 0.100
[1586443581.117][SEVERE]: Timed out receiving message from renderer: 0.100
[1586443581.221][SEVERE]: Timed out receiving message from renderer: 0.100
[1586443581.420][SEVERE]: Timed out receiving message from renderer: 0.100
[1586443581.559][SEVERE]: Timed out receiving message from renderer: 0.100
[1586443581.702][SEVERE]: Timed out receiving message from renderer: 0.100
[1586443581.986][SEVERE]: Timed out receiving message from renderer: 0.100
[1586443582.256][SEVERE]: Timed out receiving message from renderer: 0.100
[1586443582.484][SEVERE]: Timed out receiving message from renderer: 0.100
[1586443582.658][SEVERE]: Timed out receiving message from renderer: 0.100
[1586443582.819][SEVERE]: Timed out receiving message from renderer: 0.100
[1586443583.232][SEVERE]: Timed out receiving message from renderer: 0.100
[1586443583.346][SEVERE]: Timed out receiving message from renderer: 0.100
[1586443583.451][SEVERE]: Timed out receiving message from renderer: 0.100
[1586443583.564][SEVERE]: Timed out receiving message from renderer: 0.100
[1586443583.667][SEVERE]: Timed out receiving message from renderer: 0.100
[1586443583.774][SEVERE]: Timed out receiving message from renderer: 0.100
[1586443583.880][SEVERE]: Timed out receiving message from renderer: 0.100
[1586443583.983][SEVERE]: Timed out receiving message from renderer: 0.100
[1586443584.089][SEVERE]: Timed out receiving message from renderer: 0.100
[1586443584.196][SEVERE]: Timed out receiving message from renderer: 0.100
[1586443584.302][SEVERE]: Timed out receiving message from renderer: 0.100
[1586443584.407][SEVERE]: Timed out receiving message from renderer: 0.100
[1586443584.515][SEVERE]: Timed out receiving message from renderer: 0.100
[1586443584.619][SEVERE]: Timed out receiving message from renderer: 0.100
[1586443586.732][SEVERE]: Timed out receiving message from renderer: 0.100
[1586443586.837][SEVERE]: Timed out receiving message from renderer: 0.100
[1586443586.969][SEVERE]: Timed out receiving message from renderer: 0.100
[1586443587.146][SEVERE]: Timed out receiving message from renderer: 0.100
[1586443595.518][SEVERE]: Timed out receiving message from renderer: 0.100
[1586443595.623][SEVERE]: Timed out receiving message from renderer: 0.100
[1586443596.725][SEVERE]: Timed out receiving message from renderer: 0.100
[1586443596.829][SEVERE]: Timed out receiving message from renderer: 0.100
[1586443596.932][SEVERE]: Timed out receiving message from renderer: 0.100
[1586443597.035][SEVERE]: Timed out receiving message from renderer: 0.100
[1586443597.227][SEVERE]: Timed out receiving message from renderer: 0.100
[1586443597.391][SEVERE]: Timed out receiving message from renderer: 0.100
[1586443597.558][SEVERE]: Timed out receiving message from renderer: 0.100
[1586443597.843][SEVERE]: Timed out receiving message from renderer: 0.100
[1586443597.949][SEVERE]: Timed out receiving message from renderer: 0.100
[1586443598.054][SEVERE]: Timed out receiving message from renderer: 0.100
</system-err>
  </testcase>
</testsuite>