<?xml version="1.0" encoding="UTF-8"?>
<!-- Generated by org.testng.reporters.JUnitReportReporter -->
<testsuite skipped="0" hostname="LAPTOP-POAGQJIB" name="TestScripts.Testcase2" tests="1" failures="0" timestamp="08 Apr 2020 18:35:49 GMT" time="68.297" errors="0">
  <testcase name="testcase1" time="68.297" classname="TestScripts.Testcase2"/>
</testsuite> <!-- TestScripts.Testcase2 -->
