<?xml version="1.0" encoding="UTF-8"?>
<!-- Generated by org.testng.reporters.JUnitReportReporter -->
<testsuite skipped="0" hostname="LAPTOP-POAGQJIB" name="AutomationPratice.pratice.Testcase" tests="1" failures="0" timestamp="08 Apr 2020 12:29:19 GMT" time="64.327" errors="0">
  <testcase name="testcase1" time="64.327" classname="AutomationPratice.pratice.Testcase"/>
</testsuite> <!-- AutomationPratice.pratice.Testcase -->
