<?xml version="1.0" encoding="UTF-8"?>
<!-- Generated by org.testng.reporters.JUnitReportReporter -->
<testsuite skipped="0" hostname="LAPTOP-POAGQJIB" name="com.TestScripts.Testcase_1" tests="1" failures="0" timestamp="09 Apr 2020 12:48:31 GMT" time="45.283" errors="0">
  <testcase name="testcase1" time="45.283" classname="com.TestScripts.Testcase_1"/>
</testsuite> <!-- com.TestScripts.Testcase_1 -->
