<?xml version="1.0" encoding="UTF-8"?>
<!-- Generated by org.testng.reporters.JUnitReportReporter -->
<testsuite skipped="0" hostname="LAPTOP-POAGQJIB" name="com.TestScripts.Testcase_1" tests="1" failures="0" timestamp="11 Apr 2020 18:27:54 GMT" time="63.967" errors="0">
  <testcase name="testcase1" time="63.967" classname="com.TestScripts.Testcase_1"/>
</testsuite> <!-- com.TestScripts.Testcase_1 -->
